C:\USERS\ADMINISTRATOR\DOCUMENTS\VISUAL STUDIO 2012\PROJECTS\STORM\STORM\X64\RELEASE\STORM.PCH
C:\USERS\ADMINISTRATOR\DOCUMENTS\VISUAL STUDIO 2012\PROJECTS\STORM\STORM\X64\RELEASE\STDAFX.OBJ
C:\USERS\ADMINISTRATOR\DOCUMENTS\VISUAL STUDIO 2012\PROJECTS\STORM\STORM\X64\RELEASE\VC110.PDB
C:\USERS\ADMINISTRATOR\DOCUMENTS\VISUAL STUDIO 2012\PROJECTS\STORM\STORM\X64\RELEASE\STORM.OBJ
C:\USERS\ADMINISTRATOR\DOCUMENTS\VISUAL STUDIO 2012\PROJECTS\STORM\STORM\X64\RELEASE\LOG.OBJ
C:\USERS\ADMINISTRATOR\DOCUMENTS\VISUAL STUDIO 2012\PROJECTS\STORM\STORM\X64\RELEASE\HOOKS.OBJ
C:\USERS\ADMINISTRATOR\DOCUMENTS\VISUAL STUDIO 2012\PROJECTS\STORM\STORM\X64\RELEASE\GLOBAL.OBJ
C:\USERS\ADMINISTRATOR\DOCUMENTS\VISUAL STUDIO 2012\PROJECTS\STORM\STORM\X64\RELEASE\BASEDXHOOK.OBJ
C:\Users\Administrator\Documents\Visual Studio 2012\Projects\Storm\Storm\x64\Release\GameOverlay_Detour.obj
C:\Users\Administrator\Documents\Visual Studio 2012\Projects\Storm\Storm\x64\Release\RebuildByte_Detour.obj
C:\Users\Administrator\Documents\Visual Studio 2012\Projects\Storm\Storm\x64\Release\Prolog_Present.obj
C:\Users\Administrator\Documents\Visual Studio 2012\Projects\Storm\Storm\x64\Release\BaseDXHook.obj
C:\Users\Administrator\Documents\Visual Studio 2012\Projects\Storm\Storm\x64\Release\Global.obj
C:\Users\Administrator\Documents\Visual Studio 2012\Projects\Storm\Storm\x64\Release\Hooks.obj
C:\Users\Administrator\Documents\Visual Studio 2012\Projects\Storm\Storm\x64\Release\Log.obj
C:\Users\Administrator\Documents\Visual Studio 2012\Projects\Storm\Storm\x64\Release\stdafx.obj
C:\Users\Administrator\Documents\Visual Studio 2012\Projects\Storm\Storm\x64\Release\Storm.obj
C:\Users\Administrator\Documents\Visual Studio 2012\Projects\Storm\Storm\x64\Release\cl.command.1.tlog
C:\Users\Administrator\Documents\Visual Studio 2012\Projects\Storm\Storm\x64\Release\CL.read.1.tlog
C:\Users\Administrator\Documents\Visual Studio 2012\Projects\Storm\Storm\x64\Release\CL.write.1.tlog
C:\Users\Administrator\Documents\Visual Studio 2012\Projects\Storm\Storm\x64\Release\Storm.write.1.tlog
C:\Users\Administrator\Documents\Visual Studio 2012\Projects\Storm\Storm\x64\Release\Storm.pch
C:\Users\Administrator\Documents\Visual Studio 2012\Projects\Storm\Storm\x64\Release\vc110.pdb
