C:\USERS\ADMINISTRATOR\DOCUMENTS\VISUAL STUDIO 2012\PROJECTS\STORM\STORM\X64\DEBUG\STORM.PCH
C:\USERS\ADMINISTRATOR\DOCUMENTS\VISUAL STUDIO 2012\PROJECTS\STORM\STORM\X64\DEBUG\STDAFX.OBJ
C:\USERS\ADMINISTRATOR\DOCUMENTS\VISUAL STUDIO 2012\PROJECTS\STORM\STORM\X64\DEBUG\VC110.PDB
C:\USERS\ADMINISTRATOR\DOCUMENTS\VISUAL STUDIO 2012\PROJECTS\STORM\STORM\X64\DEBUG\DLLMAIN.OBJ
C:\USERS\ADMINISTRATOR\DOCUMENTS\VISUAL STUDIO 2012\PROJECTS\STORM\STORM\X64\DEBUG\LOG.OBJ
C:\USERS\ADMINISTRATOR\DOCUMENTS\VISUAL STUDIO 2012\PROJECTS\STORM\STORM\X64\DEBUG\STORM.OBJ
c:\Users\administrator\documents\visual studio 2012\Projects\Storm\Storm\x64\Debug\dllmain.obj
c:\Users\administrator\documents\visual studio 2012\Projects\Storm\Storm\x64\Debug\Log.obj
c:\Users\administrator\documents\visual studio 2012\Projects\Storm\Storm\x64\Debug\stdafx.obj
c:\Users\administrator\documents\visual studio 2012\Projects\Storm\Storm\x64\Debug\Storm.obj
c:\Users\administrator\documents\visual studio 2012\Projects\Storm\Storm\x64\Debug\cl.command.1.tlog
c:\Users\administrator\documents\visual studio 2012\Projects\Storm\Storm\x64\Debug\CL.read.1.tlog
c:\Users\administrator\documents\visual studio 2012\Projects\Storm\Storm\x64\Debug\CL.write.1.tlog
c:\Users\administrator\documents\visual studio 2012\Projects\Storm\Storm\x64\Debug\link-cvtres.read.1.tlog
c:\Users\administrator\documents\visual studio 2012\Projects\Storm\Storm\x64\Debug\link-cvtres.write.1.tlog
c:\Users\administrator\documents\visual studio 2012\Projects\Storm\Storm\x64\Debug\link-rc.read.1.tlog
c:\Users\administrator\documents\visual studio 2012\Projects\Storm\Storm\x64\Debug\link-rc.write.1.tlog
c:\Users\administrator\documents\visual studio 2012\Projects\Storm\Storm\x64\Debug\link.command.1.tlog
c:\Users\administrator\documents\visual studio 2012\Projects\Storm\Storm\x64\Debug\link.read.1.tlog
c:\Users\administrator\documents\visual studio 2012\Projects\Storm\Storm\x64\Debug\link.write.1.tlog
c:\Users\administrator\documents\visual studio 2012\Projects\Storm\Storm\x64\Debug\Storm.pch
c:\Users\administrator\documents\visual studio 2012\Projects\Storm\Storm\x64\Debug\vc110.idb
c:\Users\administrator\documents\visual studio 2012\Projects\Storm\Storm\x64\Debug\vc110.pdb
c:\users\administrator\documents\visual studio 2012\Projects\Storm\x64\Debug\Storm.pdb
