C:\USERS\ADMINISTRATOR\DOCUMENTS\VISUAL STUDIO 2012\PROJECTS\DAYZ\DAYZ\RELEASE\DAYZ.PCH
C:\USERS\ADMINISTRATOR\DOCUMENTS\VISUAL STUDIO 2012\PROJECTS\DAYZ\DAYZ\RELEASE\STDAFX.OBJ
C:\USERS\ADMINISTRATOR\DOCUMENTS\VISUAL STUDIO 2012\PROJECTS\DAYZ\DAYZ\RELEASE\VC110.PDB
C:\USERS\ADMINISTRATOR\DOCUMENTS\VISUAL STUDIO 2012\PROJECTS\DAYZ\DAYZ\RELEASE\VECTOR.OBJ
C:\USERS\ADMINISTRATOR\DOCUMENTS\VISUAL STUDIO 2012\PROJECTS\DAYZ\DAYZ\RELEASE\MISC.OBJ
C:\USERS\ADMINISTRATOR\DOCUMENTS\VISUAL STUDIO 2012\PROJECTS\DAYZ\DAYZ\RELEASE\IGNORE.OBJ
C:\USERS\ADMINISTRATOR\DOCUMENTS\VISUAL STUDIO 2012\PROJECTS\DAYZ\DAYZ\RELEASE\HOOKING.OBJ
C:\USERS\ADMINISTRATOR\DOCUMENTS\VISUAL STUDIO 2012\PROJECTS\DAYZ\DAYZ\RELEASE\HOOK_SERVICES.OBJ
C:\USERS\ADMINISTRATOR\DOCUMENTS\VISUAL STUDIO 2012\PROJECTS\DAYZ\DAYZ\RELEASE\HOOK_NETWORK.OBJ
C:\USERS\ADMINISTRATOR\DOCUMENTS\VISUAL STUDIO 2012\PROJECTS\DAYZ\DAYZ\RELEASE\HOOK_FILE.OBJ
C:\USERS\ADMINISTRATOR\DOCUMENTS\VISUAL STUDIO 2012\PROJECTS\DAYZ\DAYZ\RELEASE\DAYZ.OBJ
C:\USERS\ADMINISTRATOR\DOCUMENTS\VISUAL STUDIO 2012\PROJECTS\DAYZ\DAYZ\RELEASE\CTOOLS.OBJ
C:\USERS\ADMINISTRATOR\DOCUMENTS\VISUAL STUDIO 2012\PROJECTS\DAYZ\DAYZ\RELEASE\CCANVAS.OBJ
C:\USERS\ADMINISTRATOR\DOCUMENTS\VISUAL STUDIO 2012\PROJECTS\DAYZ\DAYZ\RELEASE\DLLMAIN.OBJ
C:\USERS\ADMINISTRATOR\DOCUMENTS\VISUAL STUDIO 2012\PROJECTS\DAYZ\RELEASE\DAYZ.DLL
C:\USERS\ADMINISTRATOR\DOCUMENTS\VISUAL STUDIO 2012\PROJECTS\DAYZ\RELEASE\DAYZ.PDB
C:\USERS\ADMINISTRATOR\DOCUMENTS\VISUAL STUDIO 2012\PROJECTS\DAYZ\DAYZ\RELEASE\DAYZ.RES
C:\Users\Administrator\Documents\Visual Studio 2012\Projects\Dayz\Dayz\Release\CCanvas.obj
C:\Users\Administrator\Documents\Visual Studio 2012\Projects\Dayz\Dayz\Release\CTools.obj
C:\Users\Administrator\Documents\Visual Studio 2012\Projects\Dayz\Dayz\Release\Dayz.obj
C:\Users\Administrator\Documents\Visual Studio 2012\Projects\Dayz\Dayz\Release\dllmain.obj
C:\Users\Administrator\Documents\Visual Studio 2012\Projects\Dayz\Dayz\Release\Hooking.obj
C:\Users\Administrator\Documents\Visual Studio 2012\Projects\Dayz\Dayz\Release\Hook_File.obj
C:\Users\Administrator\Documents\Visual Studio 2012\Projects\Dayz\Dayz\Release\Hook_Network.obj
C:\Users\Administrator\Documents\Visual Studio 2012\Projects\Dayz\Dayz\Release\Hook_Services.obj
C:\Users\Administrator\Documents\Visual Studio 2012\Projects\Dayz\Dayz\Release\Ignore.obj
C:\Users\Administrator\Documents\Visual Studio 2012\Projects\Dayz\Dayz\Release\Misc.obj
C:\Users\Administrator\Documents\Visual Studio 2012\Projects\Dayz\Dayz\Release\stdafx.obj
C:\Users\Administrator\Documents\Visual Studio 2012\Projects\Dayz\Dayz\Release\Vector.obj
C:\Users\Administrator\Documents\Visual Studio 2012\Projects\Dayz\Dayz\Release\cl.command.1.tlog
C:\Users\Administrator\Documents\Visual Studio 2012\Projects\Dayz\Dayz\Release\CL.read.1.tlog
C:\Users\Administrator\Documents\Visual Studio 2012\Projects\Dayz\Dayz\Release\CL.write.1.tlog
C:\Users\Administrator\Documents\Visual Studio 2012\Projects\Dayz\Dayz\Release\link-cvtres.read.1.tlog
C:\Users\Administrator\Documents\Visual Studio 2012\Projects\Dayz\Dayz\Release\link-cvtres.write.1.tlog
C:\Users\Administrator\Documents\Visual Studio 2012\Projects\Dayz\Dayz\Release\link-rc.read.1.tlog
C:\Users\Administrator\Documents\Visual Studio 2012\Projects\Dayz\Dayz\Release\link-rc.write.1.tlog
C:\Users\Administrator\Documents\Visual Studio 2012\Projects\Dayz\Dayz\Release\link.command.1.tlog
C:\Users\Administrator\Documents\Visual Studio 2012\Projects\Dayz\Dayz\Release\link.read.1.tlog
C:\Users\Administrator\Documents\Visual Studio 2012\Projects\Dayz\Dayz\Release\link.write.1.tlog
C:\Users\Administrator\Documents\Visual Studio 2012\Projects\Dayz\Dayz\Release\rc.command.1.tlog
C:\Users\Administrator\Documents\Visual Studio 2012\Projects\Dayz\Dayz\Release\rc.read.1.tlog
C:\Users\Administrator\Documents\Visual Studio 2012\Projects\Dayz\Dayz\Release\rc.write.1.tlog
C:\Users\Administrator\Documents\Visual Studio 2012\Projects\Dayz\Dayz\Release\Dayz.res
C:\Users\Administrator\Documents\Visual Studio 2012\Projects\Dayz\Dayz\Release\Dayz.pch
C:\Users\Administrator\Documents\Visual Studio 2012\Projects\Dayz\Dayz\Release\vc110.pdb
C:\Users\Administrator\Documents\Visual Studio 2012\Projects\Dayz\Release\Dayz.pdb
C:\Users\Administrator\Documents\Visual Studio 2012\Projects\Dayz\Release\Dayz.dll
