Build started 10/8/2014 11:50:34 PM.
     1>Project "C:\Users\Administrator\Documents\Visual Studio 2012\Projects\DayZ_Hack_v2\DayZ_Hack_v2\DayZ_Hack_v2.vcxproj" on node 2 (Rebuild target(s)).
     1>ClCompile:
         C:\Program Files (x86)\Microsoft Visual Studio 11.0\VC\bin\CL.exe /c /I.. /I. /I"C:\Program Files (x86)\detours_1.5" /I"C:\Program Files (x86)\Microsoft DirectX SDK (June 2010)\Include" /ZI /nologo /W3 /WX- /Od /Oy- /D WIN32 /D _DEBUG /D _WINDOWS /D _USRDLL /D DAYZ_HACK_V2_EXPORTS /D _WINDLL /D _MBCS /Gm /EHsc /RTC1 /MDd /GS /fp:precise /Zc:wchar_t /Zc:forScope /Yc"stdafx.h" /Fp"Debug\DayZ_Hack_v2.pch" /Fo"Debug\\" /Fd"Debug\vc110.pdb" /Gd /TP /analyze- /errorReport:prompt stdafx.cpp
         stdafx.cpp
         C:\Program Files (x86)\Microsoft Visual Studio 11.0\VC\bin\CL.exe /c /I.. /I. /I"C:\Program Files (x86)\detours_1.5" /I"C:\Program Files (x86)\Microsoft DirectX SDK (June 2010)\Include" /ZI /nologo /W3 /WX- /Od /Oy- /D WIN32 /D _DEBUG /D _WINDOWS /D _USRDLL /D DAYZ_HACK_V2_EXPORTS /D _WINDLL /D _MBCS /Gm /EHsc /RTC1 /MDd /GS /fp:precise /Zc:wchar_t /Zc:forScope /Yu"stdafx.h" /Fp"Debug\DayZ_Hack_v2.pch" /Fo"Debug\\" /Fd"Debug\vc110.pdb" /Gd /TP /analyze- /errorReport:prompt BaseDXHook\BaseDXHook.cpp DayZ_Hack_v2.cpp Hooks\Hooking.cpp Hooks\Hook_File.cpp Hooks\Hook_Network.cpp Hooks\Hook_Services.cpp Hooks\Ignore.cpp Log\Log.cpp
         Log.cpp
         Ignore.cpp
         Hook_Services.cpp
         Hook_Network.cpp
         Hook_File.cpp
         Hooking.cpp
         DayZ_Hack_v2.cpp
         BaseDXHook.cpp
         Generating Code...
         C:\Program Files (x86)\Microsoft Visual Studio 11.0\VC\bin\CL.exe /c /I.. /I. /I"C:\Program Files (x86)\detours_1.5" /I"C:\Program Files (x86)\Microsoft DirectX SDK (June 2010)\Include" /ZI /nologo /W3 /WX- /Od /Oy- /D WIN32 /D _DEBUG /D _WINDOWS /D _USRDLL /D DAYZ_HACK_V2_EXPORTS /D _WINDLL /D _MBCS /Gm /EHsc /RTC1 /MDd /GS /fp:precise /Zc:wchar_t /Zc:forScope /Fo"Debug\\" /Fd"Debug\vc110.pdb" /Gd /TP /analyze- /errorReport:prompt dllmain.cpp
         dllmain.cpp
       Link:
         C:\Program Files (x86)\Microsoft Visual Studio 11.0\VC\bin\link.exe /ERRORREPORT:PROMPT /OUT:"C:\Users\Administrator\Documents\Visual Studio 2012\Projects\DayZ_Hack_v2\Debug\DayZ_Hack_v2.dll" /INCREMENTAL /NOLOGO /LIBPATH:"C:\Users\Administrator\Documents\Visual Studio 2012\Projects\DayZ_Hack_v2\DayZ_Hack_v2\Lib" /LIBPATH:"C:\Program Files (x86)\detours_1.5" /LIBPATH:"C:\Program Files (x86)\Microsoft DirectX SDK (June 2010)\Lib\x86" D3D9.lib detours.lib D3dx9.lib distorm3.2mod.lib kernel32.lib user32.lib gdi32.lib winspool.lib comdlg32.lib advapi32.lib shell32.lib ole32.lib oleaut32.lib uuid.lib odbc32.lib odbccp32.lib /MANIFEST /MANIFESTUAC:"level='asInvoker' uiAccess='false'" /manifest:embed /DEBUG /PDB:"C:\Users\Administrator\Documents\Visual Studio 2012\Projects\DayZ_Hack_v2\Debug\DayZ_Hack_v2.pdb" /SUBSYSTEM:WINDOWS /TLBID:1 /DYNAMICBASE /NXCOMPAT /IMPLIB:"C:\Users\Administrator\Documents\Visual Studio 2012\Projects\DayZ_Hack_v2\Debug\DayZ_Hack_v2.lib" /MACHINE:X86 /SAFESEH:NO /DLL Debug\BaseDXHook.obj
         Debug\DayZ_Hack_v2.obj
         Debug\dllmain.obj
         Debug\Hooking.obj
         Debug\Hook_File.obj
         Debug\Hook_Network.obj
         Debug\Hook_Services.obj
         Debug\Ignore.obj
         Debug\Log.obj
         Debug\stdafx.obj
         distorm3.2mod.lib(distorm.obj) : MSIL .netmodule or module compiled with /GL found; restarting link with /LTCG; add /LTCG to the link command line to improve linker performance
     1>LINK : warning LNK4075: ignoring '/INCREMENTAL' due to '/LTCG' specification
     1>BaseDXHook.obj : warning LNK4075: ignoring '/EDITANDCONTINUE' due to '/OPT:LBR' specification
     1>LINK : warning LNK4098: defaultlib 'MSVCRT' conflicts with use of other libs; use /NODEFAULTLIB:library
         Generating code
         Finished generating code
         DayZ_Hack_v2.vcxproj -> C:\Users\Administrator\Documents\Visual Studio 2012\Projects\DayZ_Hack_v2\Debug\DayZ_Hack_v2.dll
     1>Done Building Project "C:\Users\Administrator\Documents\Visual Studio 2012\Projects\DayZ_Hack_v2\DayZ_Hack_v2\DayZ_Hack_v2.vcxproj" (Rebuild target(s)).

Build succeeded.

Time Elapsed 00:00:04.40
